0 info it worked if it ends with ok
1 verbose cli [ '/usr/local/bin/node',
1 verbose cli   '/usr/local/bin/npm',
1 verbose cli   'install',
1 verbose cli   '-g',
1 verbose cli   'watchify' ]
2 info using npm@2.15.1
3 info using node@v4.4.3
4 verbose install initial load of /usr/local/lib/package.json
5 verbose readDependencies loading dependencies from /usr/local/lib/package.json
6 silly cache add args [ 'watchify', null ]
7 verbose cache add spec watchify
8 silly cache add parsed spec Result {
8 silly cache add   raw: 'watchify',
8 silly cache add   scope: null,
8 silly cache add   name: 'watchify',
8 silly cache add   rawSpec: '',
8 silly cache add   spec: 'latest',
8 silly cache add   type: 'tag' }
9 silly addNamed watchify@latest
10 verbose addNamed "latest" is being treated as a dist-tag for watchify
11 info addNameTag [ 'watchify', 'latest' ]
12 silly mapToRegistry name watchify
13 silly mapToRegistry using default registry
14 silly mapToRegistry registry https://registry.npmjs.org/
15 silly mapToRegistry data Result {
15 silly mapToRegistry   raw: 'watchify',
15 silly mapToRegistry   scope: null,
15 silly mapToRegistry   name: 'watchify',
15 silly mapToRegistry   rawSpec: '',
15 silly mapToRegistry   spec: 'latest',
15 silly mapToRegistry   type: 'tag' }
16 silly mapToRegistry uri https://registry.npmjs.org/watchify
17 verbose addNameTag registry:https://registry.npmjs.org/watchify not in flight; fetching
18 verbose request uri https://registry.npmjs.org/watchify
19 verbose request no auth needed
20 info attempt registry request try #1 at 8:08:12 PM
21 verbose request id 0b0dfd25879ab4ae
22 verbose etag W/"595bc4b8-159b0"
23 verbose lastModified Tue, 04 Jul 2017 16:39:20 GMT
24 http request GET https://registry.npmjs.org/watchify
25 http 304 https://registry.npmjs.org/watchify
26 verbose headers { date: 'Fri, 28 Jul 2017 20:08:12 GMT',
26 verbose headers   via: '1.1 varnish',
26 verbose headers   'cache-control': 'max-age=300',
26 verbose headers   etag: 'W/"595bc4b8-159b0"',
26 verbose headers   age: '195',
26 verbose headers   connection: 'keep-alive',
26 verbose headers   'x-served-by': 'cache-jfk8129-JFK',
26 verbose headers   'x-cache': 'HIT',
26 verbose headers   'x-cache-hits': '1',
26 verbose headers   'x-timer': 'S1501272493.793529,VS0,VE1',
26 verbose headers   vary: 'Accept-Encoding, Accept' }
27 silly get cb [ 304,
27 silly get   { date: 'Fri, 28 Jul 2017 20:08:12 GMT',
27 silly get     via: '1.1 varnish',
27 silly get     'cache-control': 'max-age=300',
27 silly get     etag: 'W/"595bc4b8-159b0"',
27 silly get     age: '195',
27 silly get     connection: 'keep-alive',
27 silly get     'x-served-by': 'cache-jfk8129-JFK',
27 silly get     'x-cache': 'HIT',
27 silly get     'x-cache-hits': '1',
27 silly get     'x-timer': 'S1501272493.793529,VS0,VE1',
27 silly get     vary: 'Accept-Encoding, Accept' } ]
28 verbose etag https://registry.npmjs.org/watchify from cache
29 verbose get saving watchify to /home/lifenet/.npm/registry.npmjs.org/watchify/.cache.json
30 verbose correctMkdir /home/lifenet/.npm correctMkdir not in flight; initializing
31 silly addNameTag next cb for watchify with tag latest
32 silly addNamed watchify@3.9.0
33 verbose addNamed "3.9.0" is a plain semver version for watchify
34 silly cache afterAdd watchify@3.9.0
35 verbose afterAdd /home/lifenet/.npm/watchify/3.9.0/package/package.json not in flight; writing
36 verbose correctMkdir /home/lifenet/.npm correctMkdir not in flight; initializing
37 verbose afterAdd /home/lifenet/.npm/watchify/3.9.0/package/package.json written
38 silly install resolved [ { name: 'watchify',
38 silly install resolved     version: '3.9.0',
38 silly install resolved     description: 'watch mode for browserify builds',
38 silly install resolved     main: 'index.js',
38 silly install resolved     bin: { watchify: 'bin/cmd.js' },
38 silly install resolved     dependencies:
38 silly install resolved      { anymatch: '^1.3.0',
38 silly install resolved        browserify: '^14.0.0',
38 silly install resolved        chokidar: '^1.0.0',
38 silly install resolved        defined: '^1.0.0',
38 silly install resolved        outpipe: '^1.1.0',
38 silly install resolved        through2: '^2.0.0',
38 silly install resolved        xtend: '^4.0.0' },
38 silly install resolved     devDependencies:
38 silly install resolved      { brfs: '^1.0.1',
38 silly install resolved        mkdirp: '~0.5.1',
38 silly install resolved        split: '^1.0.0',
38 silly install resolved        tape: '^4.2.2',
38 silly install resolved        'uglify-js': '^2.5.0',
38 silly install resolved        'win-spawn': '^2.0.0' },
38 silly install resolved     scripts: { test: 'tape test/*.js' },
38 silly install resolved     repository: { type: 'git', url: 'git://github.com/substack/watchify.git' },
38 silly install resolved     homepage: 'https://github.com/substack/watchify',
38 silly install resolved     keywords:
38 silly install resolved      [ 'browserify',
38 silly install resolved        'browserify-tool',
38 silly install resolved        'watch',
38 silly install resolved        'bundle',
38 silly install resolved        'build',
38 silly install resolved        'browser' ],
38 silly install resolved     author:
38 silly install resolved      { name: 'James Halliday',
38 silly install resolved        email: 'mail@substack.net',
38 silly install resolved        url: 'http://substack.net' },
38 silly install resolved     license: 'MIT',
38 silly install resolved     gitHead: 'f768b433774652d6b5257cd342e4353f81760637',
38 silly install resolved     bugs: { url: 'https://github.com/substack/watchify/issues' },
38 silly install resolved     _id: 'watchify@3.9.0',
38 silly install resolved     _shasum: 'f075fd2e8a86acde84cedba6e5c2a0bedd523d9e',
38 silly install resolved     _from: 'watchify@latest',
38 silly install resolved     _npmVersion: '3.10.9',
38 silly install resolved     _nodeVersion: '6.9.2',
38 silly install resolved     _npmUser: { name: 'feross', email: 'feross@feross.org' },
38 silly install resolved     dist:
38 silly install resolved      { shasum: 'f075fd2e8a86acde84cedba6e5c2a0bedd523d9e',
38 silly install resolved        tarball: 'https://registry.npmjs.org/watchify/-/watchify-3.9.0.tgz' },
38 silly install resolved     maintainers: [ [Object], [Object], [Object], [Object] ],
38 silly install resolved     _npmOperationalInternal:
38 silly install resolved      { host: 'packages-18-east.internal.npmjs.com',
38 silly install resolved        tmp: 'tmp/watchify-3.9.0.tgz_1485328770796_0.02708279830403626' },
38 silly install resolved     directories: {},
38 silly install resolved     _resolved: 'https://registry.npmjs.org/watchify/-/watchify-3.9.0.tgz',
38 silly install resolved     readme: 'ERROR: No README data found!' } ]
39 info install watchify@3.9.0 into /usr/local/lib
40 info installOne watchify@3.9.0
41 verbose installOne of watchify to /usr/local/lib not in flight; installing
42 verbose correctMkdir /home/lifenet/.npm/_locks correctMkdir not in flight; initializing
43 verbose lock using /home/lifenet/.npm/_locks/watchify-0830082ccea34b6d.lock for /usr/local/lib/node_modules/watchify
44 silly install write writing watchify 3.9.0 to /usr/local/lib/node_modules/watchify
45 verbose unbuild lib/node_modules/watchify
46 info preuninstall watchify@3.9.0
47 info uninstall watchify@3.9.0
48 verbose unbuild rmStuff watchify@3.9.0 from /usr/local/lib/node_modules
49 silly gentlyRm /usr/local/bin/watchify is being gently removed
50 silly gentlyRm verifying /usr/local is an npm working directory
51 silly gentlyRm containing path /usr/local is under npm's control, in /usr/local
52 silly gentlyRm deletion target /usr/local/bin/watchify is under /usr/local
53 verbose gentlyRm vacuuming from /usr/local/bin/watchify up to /usr/local
54 info postuninstall watchify@3.9.0
55 silly gentlyRm /usr/local/lib/node_modules/watchify is being purged from base /usr/local
56 verbose gentlyRm don't care about contents; nuking /usr/local/lib/node_modules/watchify
57 silly vacuum-fs purging /usr/local/lib/node_modules/watchify
58 verbose unlock done using /home/lifenet/.npm/_locks/watchify-0830082ccea34b6d.lock for /usr/local/lib/node_modules/watchify
59 verbose stack Error: EACCES: permission denied, rmdir '/usr/local/lib/node_modules/watchify'
59 verbose stack     at Error (native)
60 verbose cwd /home/lifenet/ourNet3
61 error Linux 4.4.0-81-generic
62 error argv "/usr/local/bin/node" "/usr/local/bin/npm" "install" "-g" "watchify"
63 error node v4.4.3
64 error npm  v2.15.1
65 error path /usr/local/lib/node_modules/watchify
66 error code EACCES
67 error errno -13
68 error syscall rmdir
69 error Error: EACCES: permission denied, rmdir '/usr/local/lib/node_modules/watchify'
69 error     at Error (native)
69 error  { [Error: EACCES: permission denied, rmdir '/usr/local/lib/node_modules/watchify']
69 error   errno: -13,
69 error   code: 'EACCES',
69 error   syscall: 'rmdir',
69 error   path: '/usr/local/lib/node_modules/watchify' }
70 error Please try running this command again as root/Administrator.
71 verbose exit [ -13, true ]
72 verbose unbuild lib/node_modules/watchify
73 info preuninstall watchify@3.9.0
74 info uninstall watchify@3.9.0
75 verbose unbuild rmStuff watchify@3.9.0 from /usr/local/lib/node_modules
76 silly gentlyRm /usr/local/bin/watchify is being gently removed
77 silly gentlyRm verifying /usr/local is an npm working directory
78 silly gentlyRm containing path /usr/local is under npm's control, in /usr/local
79 silly gentlyRm deletion target /usr/local/bin/watchify is under /usr/local
80 verbose gentlyRm vacuuming from /usr/local/bin/watchify up to /usr/local
81 info postuninstall watchify@3.9.0
82 silly gentlyRm /usr/local/lib/node_modules/watchify is being purged from base /usr/local
83 verbose gentlyRm don't care about contents; nuking /usr/local/lib/node_modules/watchify
84 silly vacuum-fs purging /usr/local/lib/node_modules/watchify
85 error error rolling back Error: EACCES: permission denied, rmdir '/usr/local/lib/node_modules/watchify'
85 error error rolling back     at Error (native)
85 error error rolling back  { [Error: EACCES: permission denied, rmdir '/usr/local/lib/node_modules/watchify']
85 error error rolling back   errno: -13,
85 error error rolling back   code: 'EACCES',
85 error error rolling back   syscall: 'rmdir',
85 error error rolling back   path: '/usr/local/lib/node_modules/watchify' }
